<?xml version="1.0" encoding="UTF-8"?>
<testsuite xmlns:xsi="http://www.w3.org/2001/XMLSchema-instance" xsi:noNamespaceSchemaLocation="https://maven.apache.org/surefire/maven-surefire-plugin/xsd/surefire-test-report-3.0.xsd" version="3.0" name="bloodbank.TestBloodBankSystem" time="2.052" tests="1" errors="0" skipped="0" failures="1">
  <properties>
    <property name="sun.desktop" value="windows"/>
    <property name="awt.toolkit" value="sun.awt.windows.WToolkit"/>
    <property name="java.specification.version" value="11"/>
    <property name="sun.cpu.isalist" value="amd64"/>
    <property name="sun.jnu.encoding" value="Cp1252"/>
    <property name="java.class.path" value="C:\Users\Guest1234\eclipse-workspace\REST-BloodBank-Skeleton\target\test-classes;C:\Users\Guest1234\.m2\repository\org\apache\logging\log4j\log4j-core\2.14.0\log4j-core-2.14.0.jar;C:\Users\Guest1234\.m2\repository\jakarta\ejb\jakarta.ejb-api\4.0.0\jakarta.ejb-api-4.0.0.jar;C:\Users\Guest1234\.m2\repository\jakarta\transaction\jakarta.transaction-api\2.0.0\jakarta.transaction-api-2.0.0.jar;C:\Users\Guest1234\.m2\repository\jakarta\activation\jakarta.activation-api\2.0.0\jakarta.activation-api-2.0.0.jar;C:\Users\Guest1234\.m2\repository\jakarta\inject\jakarta.inject-api\2.0.0\jakarta.inject-api-2.0.0.jar;C:\Users\Guest1234\.m2\repository\jakarta\servlet\jakarta.servlet-api\5.0.0\jakarta.servlet-api-5.0.0.jar;C:\Users\Guest1234\.m2\repository\jakarta\annotation\jakarta.annotation-api\1.3.5\jakarta.annotation-api-1.3.5.jar;C:\Users\Guest1234\.m2\repository\jakarta\persistence\jakarta.persistence-api\2.2.3\jakarta.persistence-api-2.2.3.jar;C:\Users\Guest1234\.m2\repository\jakarta\security\enterprise\jakarta.security.enterprise-api\1.0.1\jakarta.security.enterprise-api-1.0.1.jar;C:\Users\Guest1234\.m2\repository\org\eclipse\microprofile\config\microprofile-config-api\2.0\microprofile-config-api-2.0.jar;C:\Users\Guest1234\.m2\repository\org\eclipse\microprofile\openapi\microprofile-openapi-api\2.0\microprofile-openapi-api-2.0.jar;C:\Users\Guest1234\.m2\repository\org\glassfish\jersey\media\jersey-media-json-jackson\2.33\jersey-media-json-jackson-2.33.jar;C:\Users\Guest1234\.m2\repository\org\glassfish\jersey\core\jersey-common\2.33\jersey-common-2.33.jar;C:\Users\Guest1234\.m2\repository\org\glassfish\hk2\external\jakarta.inject\2.6.1\jakarta.inject-2.6.1.jar;C:\Users\Guest1234\.m2\repository\org\glassfish\hk2\osgi-resource-locator\1.0.3\osgi-resource-locator-1.0.3.jar;C:\Users\Guest1234\.m2\repository\org\glassfish\jersey\ext\jersey-entity-filtering\2.33\jersey-entity-filtering-2.33.jar;C:\Users\Guest1234\.m2\repository\com\fasterxml\jackson\module\jackson-module-jaxb-annotations\2.11.3\jackson-module-jaxb-annotations-2.11.3.jar;C:\Users\Guest1234\.m2\repository\jakarta\xml\bind\jakarta.xml.bind-api\2.3.2\jakarta.xml.bind-api-2.3.2.jar;C:\Users\Guest1234\.m2\repository\com\fasterxml\jackson\jaxrs\jackson-jaxrs-json-provider\2.12.2\jackson-jaxrs-json-provider-2.12.2.jar;C:\Users\Guest1234\.m2\repository\com\fasterxml\jackson\jaxrs\jackson-jaxrs-base\2.12.2\jackson-jaxrs-base-2.12.2.jar;C:\Users\Guest1234\.m2\repository\org\junit\jupiter\junit-jupiter\5.7.0\junit-jupiter-5.7.0.jar;C:\Users\Guest1234\.m2\repository\org\junit\jupiter\junit-jupiter-api\5.7.0\junit-jupiter-api-5.7.0.jar;C:\Users\Guest1234\.m2\repository\org\apiguardian\apiguardian-api\1.1.0\apiguardian-api-1.1.0.jar;C:\Users\Guest1234\.m2\repository\org\opentest4j\opentest4j\1.2.0\opentest4j-1.2.0.jar;C:\Users\Guest1234\.m2\repository\org\junit\platform\junit-platform-commons\1.7.0\junit-platform-commons-1.7.0.jar;C:\Users\Guest1234\.m2\repository\org\junit\jupiter\junit-jupiter-params\5.7.0\junit-jupiter-params-5.7.0.jar;C:\Users\Guest1234\.m2\repository\org\junit\jupiter\junit-jupiter-engine\5.7.0\junit-jupiter-engine-5.7.0.jar;C:\Users\Guest1234\.m2\repository\org\junit\platform\junit-platform-engine\1.7.0\junit-platform-engine-1.7.0.jar;C:\Users\Guest1234\.m2\repository\org\hamcrest\hamcrest\2.2\hamcrest-2.2.jar;C:\Users\Guest1234\.m2\repository\org\hamcrest\hamcrest-library\2.2\hamcrest-library-2.2.jar;C:\Users\Guest1234\.m2\repository\org\hamcrest\hamcrest-core\2.2\hamcrest-core-2.2.jar;C:\Users\Guest1234\.m2\repository\org\glassfish\jersey\core\jersey-client\2.33\jersey-client-2.33.jar;C:\Users\Guest1234\.m2\repository\org\glassfish\jersey\inject\jersey-hk2\2.33\jersey-hk2-2.33.jar;C:\Users\Guest1234\.m2\repository\org\glassfish\hk2\hk2-locator\2.6.1\hk2-locator-2.6.1.jar;C:\Users\Guest1234\.m2\repository\org\glassfish\hk2\external\aopalliance-repackaged\2.6.1\aopalliance-repackaged-2.6.1.jar;C:\Users\Guest1234\.m2\repository\org\glassfish\hk2\hk2-api\2.6.1\hk2-api-2.6.1.jar;C:\Users\Guest1234\.m2\repository\org\glassfish\hk2\hk2-utils\2.6.1\hk2-utils-2.6.1.jar;C:\Users\Guest1234\.m2\repository\org\javassist\javassist\3.25.0-GA\javassist-3.25.0-GA.jar;C:\Users\Guest1234\.m2\repository\org\jboss\logging\jboss-logging\3.4.1.Final\jboss-logging-3.4.1.Final.jar;C:\Users\Guest1234\.m2\repository\javax\persistence\javax.persistence-api\2.2\javax.persistence-api-2.2.jar;C:\Users\Guest1234\.m2\repository\net\bytebuddy\byte-buddy\1.10.21\byte-buddy-1.10.21.jar;C:\Users\Guest1234\.m2\repository\antlr\antlr\2.7.7\antlr-2.7.7.jar;C:\Users\Guest1234\.m2\repository\org\jboss\spec\javax\transaction\jboss-transaction-api_1.2_spec\1.1.1.Final\jboss-transaction-api_1.2_spec-1.1.1.Final.jar;C:\Users\Guest1234\.m2\repository\org\jboss\jandex\2.2.3.Final\jandex-2.2.3.Final.jar;C:\Users\Guest1234\.m2\repository\com\fasterxml\classmate\1.5.1\classmate-1.5.1.jar;C:\Users\Guest1234\.m2\repository\javax\activation\javax.activation-api\1.2.0\javax.activation-api-1.2.0.jar;C:\Users\Guest1234\.m2\repository\org\dom4j\dom4j\2.1.3\dom4j-2.1.3.jar;C:\Users\Guest1234\.m2\repository\org\hibernate\common\hibernate-commons-annotations\5.1.2.Final\hibernate-commons-annotations-5.1.2.Final.jar;C:\Users\Guest1234\.m2\repository\javax\xml\bind\jaxb-api\2.3.1\jaxb-api-2.3.1.jar;C:\Users\Guest1234\.m2\repository\org\glassfish\jaxb\jaxb-runtime\2.3.1\jaxb-runtime-2.3.1.jar;C:\Users\Guest1234\.m2\repository\org\glassfish\jaxb\txw2\2.3.1\txw2-2.3.1.jar;C:\Users\Guest1234\.m2\repository\com\sun\istack\istack-commons-runtime\3.0.7\istack-commons-runtime-3.0.7.jar;C:\Users\Guest1234\.m2\repository\org\jvnet\staxex\stax-ex\1.8\stax-ex-1.8.jar;C:\Users\Guest1234\.m2\repository\com\sun\xml\fastinfoset\FastInfoset\1.2.15\FastInfoset-1.2.15.jar;C:\Users\Guest1234\.m2\repository\mysql\mysql-connector-java\8.0.23\mysql-connector-java-8.0.23.jar;C:\Users\Guest1234\.m2\repository\com\google\protobuf\protobuf-java\3.11.4\protobuf-java-3.11.4.jar;C:\Users\Guest1234\.m2\repository\org\jboss\weld\weld-api\4.0.Final\weld-api-4.0.Final.jar;C:\Users\Guest1234\.m2\repository\jakarta\enterprise\jakarta.enterprise.cdi-api\3.0.0\jakarta.enterprise.cdi-api-3.0.0.jar;"/>
    <property name="java.vm.vendor" value="AdoptOpenJDK"/>
    <property name="sun.arch.data.model" value="64"/>
    <property name="user.variant" value=""/>
    <property name="java.vendor.url" value="https://adoptopenjdk.net/"/>
    <property name="user.timezone" value="America/New_York"/>
    <property name="java.vm.specification.version" value="11"/>
    <property name="os.name" value="Windows 10"/>
    <property name="sun.java.launcher" value="SUN_STANDARD"/>
    <property name="user.country" value="CA"/>
    <property name="sun.boot.library.path" value="C:\Program Files\AdoptOpenJDK\jdk-11.0.11.9-hotspot\bin"/>
    <property name="sun.java.command" value="org.apache.maven.surefire.booter.ForkedBooter C:\Users\Guest1234\AppData\Local\Temp\surefire5837833218861974026 2021-05-01T00-23-45_338-jvmRun1 surefire12877336689430395230tmp surefire_013422153391876218829tmp"/>
    <property name="jdk.debug" value="release"/>
    <property name="surefire.test.class.path" value="C:\Users\Guest1234\eclipse-workspace\REST-BloodBank-Skeleton\target\test-classes;C:\Users\Guest1234\.m2\repository\org\apache\logging\log4j\log4j-core\2.14.0\log4j-core-2.14.0.jar;C:\Users\Guest1234\.m2\repository\jakarta\ejb\jakarta.ejb-api\4.0.0\jakarta.ejb-api-4.0.0.jar;C:\Users\Guest1234\.m2\repository\jakarta\transaction\jakarta.transaction-api\2.0.0\jakarta.transaction-api-2.0.0.jar;C:\Users\Guest1234\.m2\repository\jakarta\activation\jakarta.activation-api\2.0.0\jakarta.activation-api-2.0.0.jar;C:\Users\Guest1234\.m2\repository\jakarta\inject\jakarta.inject-api\2.0.0\jakarta.inject-api-2.0.0.jar;C:\Users\Guest1234\.m2\repository\jakarta\servlet\jakarta.servlet-api\5.0.0\jakarta.servlet-api-5.0.0.jar;C:\Users\Guest1234\.m2\repository\jakarta\annotation\jakarta.annotation-api\1.3.5\jakarta.annotation-api-1.3.5.jar;C:\Users\Guest1234\.m2\repository\jakarta\persistence\jakarta.persistence-api\2.2.3\jakarta.persistence-api-2.2.3.jar;C:\Users\Guest1234\.m2\repository\jakarta\security\enterprise\jakarta.security.enterprise-api\1.0.1\jakarta.security.enterprise-api-1.0.1.jar;C:\Users\Guest1234\.m2\repository\org\eclipse\microprofile\config\microprofile-config-api\2.0\microprofile-config-api-2.0.jar;C:\Users\Guest1234\.m2\repository\org\eclipse\microprofile\openapi\microprofile-openapi-api\2.0\microprofile-openapi-api-2.0.jar;C:\Users\Guest1234\.m2\repository\org\glassfish\jersey\media\jersey-media-json-jackson\2.33\jersey-media-json-jackson-2.33.jar;C:\Users\Guest1234\.m2\repository\org\glassfish\jersey\core\jersey-common\2.33\jersey-common-2.33.jar;C:\Users\Guest1234\.m2\repository\org\glassfish\hk2\external\jakarta.inject\2.6.1\jakarta.inject-2.6.1.jar;C:\Users\Guest1234\.m2\repository\org\glassfish\hk2\osgi-resource-locator\1.0.3\osgi-resource-locator-1.0.3.jar;C:\Users\Guest1234\.m2\repository\org\glassfish\jersey\ext\jersey-entity-filtering\2.33\jersey-entity-filtering-2.33.jar;C:\Users\Guest1234\.m2\repository\com\fasterxml\jackson\module\jackson-module-jaxb-annotations\2.11.3\jackson-module-jaxb-annotations-2.11.3.jar;C:\Users\Guest1234\.m2\repository\jakarta\xml\bind\jakarta.xml.bind-api\2.3.2\jakarta.xml.bind-api-2.3.2.jar;C:\Users\Guest1234\.m2\repository\com\fasterxml\jackson\jaxrs\jackson-jaxrs-json-provider\2.12.2\jackson-jaxrs-json-provider-2.12.2.jar;C:\Users\Guest1234\.m2\repository\com\fasterxml\jackson\jaxrs\jackson-jaxrs-base\2.12.2\jackson-jaxrs-base-2.12.2.jar;C:\Users\Guest1234\.m2\repository\org\junit\jupiter\junit-jupiter\5.7.0\junit-jupiter-5.7.0.jar;C:\Users\Guest1234\.m2\repository\org\junit\jupiter\junit-jupiter-api\5.7.0\junit-jupiter-api-5.7.0.jar;C:\Users\Guest1234\.m2\repository\org\apiguardian\apiguardian-api\1.1.0\apiguardian-api-1.1.0.jar;C:\Users\Guest1234\.m2\repository\org\opentest4j\opentest4j\1.2.0\opentest4j-1.2.0.jar;C:\Users\Guest1234\.m2\repository\org\junit\platform\junit-platform-commons\1.7.0\junit-platform-commons-1.7.0.jar;C:\Users\Guest1234\.m2\repository\org\junit\jupiter\junit-jupiter-params\5.7.0\junit-jupiter-params-5.7.0.jar;C:\Users\Guest1234\.m2\repository\org\junit\jupiter\junit-jupiter-engine\5.7.0\junit-jupiter-engine-5.7.0.jar;C:\Users\Guest1234\.m2\repository\org\junit\platform\junit-platform-engine\1.7.0\junit-platform-engine-1.7.0.jar;C:\Users\Guest1234\.m2\repository\org\hamcrest\hamcrest\2.2\hamcrest-2.2.jar;C:\Users\Guest1234\.m2\repository\org\hamcrest\hamcrest-library\2.2\hamcrest-library-2.2.jar;C:\Users\Guest1234\.m2\repository\org\hamcrest\hamcrest-core\2.2\hamcrest-core-2.2.jar;C:\Users\Guest1234\.m2\repository\org\glassfish\jersey\core\jersey-client\2.33\jersey-client-2.33.jar;C:\Users\Guest1234\.m2\repository\org\glassfish\jersey\inject\jersey-hk2\2.33\jersey-hk2-2.33.jar;C:\Users\Guest1234\.m2\repository\org\glassfish\hk2\hk2-locator\2.6.1\hk2-locator-2.6.1.jar;C:\Users\Guest1234\.m2\repository\org\glassfish\hk2\external\aopalliance-repackaged\2.6.1\aopalliance-repackaged-2.6.1.jar;C:\Users\Guest1234\.m2\repository\org\glassfish\hk2\hk2-api\2.6.1\hk2-api-2.6.1.jar;C:\Users\Guest1234\.m2\repository\org\glassfish\hk2\hk2-utils\2.6.1\hk2-utils-2.6.1.jar;C:\Users\Guest1234\.m2\repository\org\javassist\javassist\3.25.0-GA\javassist-3.25.0-GA.jar;C:\Users\Guest1234\.m2\repository\org\jboss\logging\jboss-logging\3.4.1.Final\jboss-logging-3.4.1.Final.jar;C:\Users\Guest1234\.m2\repository\javax\persistence\javax.persistence-api\2.2\javax.persistence-api-2.2.jar;C:\Users\Guest1234\.m2\repository\net\bytebuddy\byte-buddy\1.10.21\byte-buddy-1.10.21.jar;C:\Users\Guest1234\.m2\repository\antlr\antlr\2.7.7\antlr-2.7.7.jar;C:\Users\Guest1234\.m2\repository\org\jboss\spec\javax\transaction\jboss-transaction-api_1.2_spec\1.1.1.Final\jboss-transaction-api_1.2_spec-1.1.1.Final.jar;C:\Users\Guest1234\.m2\repository\org\jboss\jandex\2.2.3.Final\jandex-2.2.3.Final.jar;C:\Users\Guest1234\.m2\repository\com\fasterxml\classmate\1.5.1\classmate-1.5.1.jar;C:\Users\Guest1234\.m2\repository\javax\activation\javax.activation-api\1.2.0\javax.activation-api-1.2.0.jar;C:\Users\Guest1234\.m2\repository\org\dom4j\dom4j\2.1.3\dom4j-2.1.3.jar;C:\Users\Guest1234\.m2\repository\org\hibernate\common\hibernate-commons-annotations\5.1.2.Final\hibernate-commons-annotations-5.1.2.Final.jar;C:\Users\Guest1234\.m2\repository\javax\xml\bind\jaxb-api\2.3.1\jaxb-api-2.3.1.jar;C:\Users\Guest1234\.m2\repository\org\glassfish\jaxb\jaxb-runtime\2.3.1\jaxb-runtime-2.3.1.jar;C:\Users\Guest1234\.m2\repository\org\glassfish\jaxb\txw2\2.3.1\txw2-2.3.1.jar;C:\Users\Guest1234\.m2\repository\com\sun\istack\istack-commons-runtime\3.0.7\istack-commons-runtime-3.0.7.jar;C:\Users\Guest1234\.m2\repository\org\jvnet\staxex\stax-ex\1.8\stax-ex-1.8.jar;C:\Users\Guest1234\.m2\repository\com\sun\xml\fastinfoset\FastInfoset\1.2.15\FastInfoset-1.2.15.jar;C:\Users\Guest1234\.m2\repository\mysql\mysql-connector-java\8.0.23\mysql-connector-java-8.0.23.jar;C:\Users\Guest1234\.m2\repository\com\google\protobuf\protobuf-java\3.11.4\protobuf-java-3.11.4.jar;C:\Users\Guest1234\.m2\repository\org\jboss\weld\weld-api\4.0.Final\weld-api-4.0.Final.jar;C:\Users\Guest1234\.m2\repository\jakarta\enterprise\jakarta.enterprise.cdi-api\3.0.0\jakarta.enterprise.cdi-api-3.0.0.jar;"/>
    <property name="sun.cpu.endian" value="little"/>
    <property name="user.home" value="C:\Users\Guest1234"/>
    <property name="user.language" value="en"/>
    <property name="java.specification.vendor" value="Oracle Corporation"/>
    <property name="jdk.module.path" value="C:\Users\Guest1234\eclipse-workspace\REST-BloodBank-Skeleton\target\classes;C:\Users\Guest1234\.m2\repository\org\apache\logging\log4j\log4j-api\2.14.0\log4j-api-2.14.0.jar;C:\Users\Guest1234\.m2\repository\jakarta\platform\jakarta.jakartaee-api\8.0.0\jakarta.jakartaee-api-8.0.0.jar;C:\Users\Guest1234\.m2\repository\org\glassfish\soteria\jakarta.security.enterprise\1.0.1\jakarta.security.enterprise-1.0.1.jar;C:\Users\Guest1234\.m2\repository\com\fasterxml\jackson\datatype\jackson-datatype-jsr310\2.12.2\jackson-datatype-jsr310-2.12.2.jar;C:\Users\Guest1234\.m2\repository\com\fasterxml\jackson\core\jackson-core\2.12.2\jackson-core-2.12.2.jar;C:\Users\Guest1234\.m2\repository\com\fasterxml\jackson\core\jackson-databind\2.12.2\jackson-databind-2.12.2.jar;C:\Users\Guest1234\.m2\repository\com\fasterxml\jackson\core\jackson-annotations\2.12.2\jackson-annotations-2.12.2.jar;C:\Users\Guest1234\.m2\repository\org\hibernate\hibernate-core\5.4.30.Final\hibernate-core-5.4.30.Final.jar"/>
    <property name="java.version.date" value="2021-04-20"/>
    <property name="java.home" value="C:\Program Files\AdoptOpenJDK\jdk-11.0.11.9-hotspot"/>
    <property name="file.separator" value="\"/>
    <property name="basedir" value="C:\Users\Guest1234\eclipse-workspace\REST-BloodBank-Skeleton"/>
    <property name="java.vm.compressedOopsMode" value="32-bit"/>
    <property name="line.separator" value="&#10;"/>
    <property name="java.specification.name" value="Java Platform API Specification"/>
    <property name="java.vm.specification.vendor" value="Oracle Corporation"/>
    <property name="java.awt.graphicsenv" value="sun.awt.Win32GraphicsEnvironment"/>
    <property name="surefire.real.class.path" value="C:\Users\Guest1234\.m2\repository\org\apache\maven\surefire\surefire-booter\3.0.0-M5\surefire-booter-3.0.0-M5.jar;C:\Users\Guest1234\.m2\repository\org\apache\maven\surefire\surefire-api\3.0.0-M5\surefire-api-3.0.0-M5.jar;C:\Users\Guest1234\.m2\repository\org\apache\maven\surefire\surefire-logger-api\3.0.0-M5\surefire-logger-api-3.0.0-M5.jar;C:\Users\Guest1234\.m2\repository\org\apache\maven\surefire\surefire-shared-utils\3.0.0-M4\surefire-shared-utils-3.0.0-M4.jar;C:\Users\Guest1234\.m2\repository\org\apache\maven\surefire\surefire-extensions-spi\3.0.0-M5\surefire-extensions-spi-3.0.0-M5.jar;C:\Users\Guest1234\eclipse-workspace\REST-BloodBank-Skeleton\target\test-classes;C:\Users\Guest1234\.m2\repository\org\apache\logging\log4j\log4j-core\2.14.0\log4j-core-2.14.0.jar;C:\Users\Guest1234\.m2\repository\jakarta\ejb\jakarta.ejb-api\4.0.0\jakarta.ejb-api-4.0.0.jar;C:\Users\Guest1234\.m2\repository\jakarta\transaction\jakarta.transaction-api\2.0.0\jakarta.transaction-api-2.0.0.jar;C:\Users\Guest1234\.m2\repository\jakarta\activation\jakarta.activation-api\2.0.0\jakarta.activation-api-2.0.0.jar;C:\Users\Guest1234\.m2\repository\jakarta\inject\jakarta.inject-api\2.0.0\jakarta.inject-api-2.0.0.jar;C:\Users\Guest1234\.m2\repository\jakarta\servlet\jakarta.servlet-api\5.0.0\jakarta.servlet-api-5.0.0.jar;C:\Users\Guest1234\.m2\repository\jakarta\annotation\jakarta.annotation-api\1.3.5\jakarta.annotation-api-1.3.5.jar;C:\Users\Guest1234\.m2\repository\jakarta\persistence\jakarta.persistence-api\2.2.3\jakarta.persistence-api-2.2.3.jar;C:\Users\Guest1234\.m2\repository\jakarta\security\enterprise\jakarta.security.enterprise-api\1.0.1\jakarta.security.enterprise-api-1.0.1.jar;C:\Users\Guest1234\.m2\repository\org\eclipse\microprofile\config\microprofile-config-api\2.0\microprofile-config-api-2.0.jar;C:\Users\Guest1234\.m2\repository\org\eclipse\microprofile\openapi\microprofile-openapi-api\2.0\microprofile-openapi-api-2.0.jar;C:\Users\Guest1234\.m2\repository\org\glassfish\jersey\media\jersey-media-json-jackson\2.33\jersey-media-json-jackson-2.33.jar;C:\Users\Guest1234\.m2\repository\org\glassfish\jersey\core\jersey-common\2.33\jersey-common-2.33.jar;C:\Users\Guest1234\.m2\repository\org\glassfish\hk2\external\jakarta.inject\2.6.1\jakarta.inject-2.6.1.jar;C:\Users\Guest1234\.m2\repository\org\glassfish\hk2\osgi-resource-locator\1.0.3\osgi-resource-locator-1.0.3.jar;C:\Users\Guest1234\.m2\repository\org\glassfish\jersey\ext\jersey-entity-filtering\2.33\jersey-entity-filtering-2.33.jar;C:\Users\Guest1234\.m2\repository\com\fasterxml\jackson\module\jackson-module-jaxb-annotations\2.11.3\jackson-module-jaxb-annotations-2.11.3.jar;C:\Users\Guest1234\.m2\repository\jakarta\xml\bind\jakarta.xml.bind-api\2.3.2\jakarta.xml.bind-api-2.3.2.jar;C:\Users\Guest1234\.m2\repository\com\fasterxml\jackson\jaxrs\jackson-jaxrs-json-provider\2.12.2\jackson-jaxrs-json-provider-2.12.2.jar;C:\Users\Guest1234\.m2\repository\com\fasterxml\jackson\jaxrs\jackson-jaxrs-base\2.12.2\jackson-jaxrs-base-2.12.2.jar;C:\Users\Guest1234\.m2\repository\org\junit\jupiter\junit-jupiter\5.7.0\junit-jupiter-5.7.0.jar;C:\Users\Guest1234\.m2\repository\org\junit\jupiter\junit-jupiter-api\5.7.0\junit-jupiter-api-5.7.0.jar;C:\Users\Guest1234\.m2\repository\org\apiguardian\apiguardian-api\1.1.0\apiguardian-api-1.1.0.jar;C:\Users\Guest1234\.m2\repository\org\opentest4j\opentest4j\1.2.0\opentest4j-1.2.0.jar;C:\Users\Guest1234\.m2\repository\org\junit\platform\junit-platform-commons\1.7.0\junit-platform-commons-1.7.0.jar;C:\Users\Guest1234\.m2\repository\org\junit\jupiter\junit-jupiter-params\5.7.0\junit-jupiter-params-5.7.0.jar;C:\Users\Guest1234\.m2\repository\org\junit\jupiter\junit-jupiter-engine\5.7.0\junit-jupiter-engine-5.7.0.jar;C:\Users\Guest1234\.m2\repository\org\junit\platform\junit-platform-engine\1.7.0\junit-platform-engine-1.7.0.jar;C:\Users\Guest1234\.m2\repository\org\hamcrest\hamcrest\2.2\hamcrest-2.2.jar;C:\Users\Guest1234\.m2\repository\org\hamcrest\hamcrest-library\2.2\hamcrest-library-2.2.jar;C:\Users\Guest1234\.m2\repository\org\hamcrest\hamcrest-core\2.2\hamcrest-core-2.2.jar;C:\Users\Guest1234\.m2\repository\org\glassfish\jersey\core\jersey-client\2.33\jersey-client-2.33.jar;C:\Users\Guest1234\.m2\repository\org\glassfish\jersey\inject\jersey-hk2\2.33\jersey-hk2-2.33.jar;C:\Users\Guest1234\.m2\repository\org\glassfish\hk2\hk2-locator\2.6.1\hk2-locator-2.6.1.jar;C:\Users\Guest1234\.m2\repository\org\glassfish\hk2\external\aopalliance-repackaged\2.6.1\aopalliance-repackaged-2.6.1.jar;C:\Users\Guest1234\.m2\repository\org\glassfish\hk2\hk2-api\2.6.1\hk2-api-2.6.1.jar;C:\Users\Guest1234\.m2\repository\org\glassfish\hk2\hk2-utils\2.6.1\hk2-utils-2.6.1.jar;C:\Users\Guest1234\.m2\repository\org\javassist\javassist\3.25.0-GA\javassist-3.25.0-GA.jar;C:\Users\Guest1234\.m2\repository\org\jboss\logging\jboss-logging\3.4.1.Final\jboss-logging-3.4.1.Final.jar;C:\Users\Guest1234\.m2\repository\javax\persistence\javax.persistence-api\2.2\javax.persistence-api-2.2.jar;C:\Users\Guest1234\.m2\repository\net\bytebuddy\byte-buddy\1.10.21\byte-buddy-1.10.21.jar;C:\Users\Guest1234\.m2\repository\antlr\antlr\2.7.7\antlr-2.7.7.jar;C:\Users\Guest1234\.m2\repository\org\jboss\spec\javax\transaction\jboss-transaction-api_1.2_spec\1.1.1.Final\jboss-transaction-api_1.2_spec-1.1.1.Final.jar;C:\Users\Guest1234\.m2\repository\org\jboss\jandex\2.2.3.Final\jandex-2.2.3.Final.jar;C:\Users\Guest1234\.m2\repository\com\fasterxml\classmate\1.5.1\classmate-1.5.1.jar;C:\Users\Guest1234\.m2\repository\javax\activation\javax.activation-api\1.2.0\javax.activation-api-1.2.0.jar;C:\Users\Guest1234\.m2\repository\org\dom4j\dom4j\2.1.3\dom4j-2.1.3.jar;C:\Users\Guest1234\.m2\repository\org\hibernate\common\hibernate-commons-annotations\5.1.2.Final\hibernate-commons-annotations-5.1.2.Final.jar;C:\Users\Guest1234\.m2\repository\javax\xml\bind\jaxb-api\2.3.1\jaxb-api-2.3.1.jar;C:\Users\Guest1234\.m2\repository\org\glassfish\jaxb\jaxb-runtime\2.3.1\jaxb-runtime-2.3.1.jar;C:\Users\Guest1234\.m2\repository\org\glassfish\jaxb\txw2\2.3.1\txw2-2.3.1.jar;C:\Users\Guest1234\.m2\repository\com\sun\istack\istack-commons-runtime\3.0.7\istack-commons-runtime-3.0.7.jar;C:\Users\Guest1234\.m2\repository\org\jvnet\staxex\stax-ex\1.8\stax-ex-1.8.jar;C:\Users\Guest1234\.m2\repository\com\sun\xml\fastinfoset\FastInfoset\1.2.15\FastInfoset-1.2.15.jar;C:\Users\Guest1234\.m2\repository\mysql\mysql-connector-java\8.0.23\mysql-connector-java-8.0.23.jar;C:\Users\Guest1234\.m2\repository\com\google\protobuf\protobuf-java\3.11.4\protobuf-java-3.11.4.jar;C:\Users\Guest1234\.m2\repository\org\jboss\weld\weld-api\4.0.Final\weld-api-4.0.Final.jar;C:\Users\Guest1234\.m2\repository\jakarta\enterprise\jakarta.enterprise.cdi-api\3.0.0\jakarta.enterprise.cdi-api-3.0.0.jar;C:\Users\Guest1234\.m2\repository\org\apache\maven\surefire\surefire-junit-platform\3.0.0-M5\surefire-junit-platform-3.0.0-M5.jar;C:\Users\Guest1234\.m2\repository\org\apache\maven\surefire\common-java5\3.0.0-M5\common-java5-3.0.0-M5.jar;C:\Users\Guest1234\.m2\repository\org\junit\platform\junit-platform-launcher\1.7.0\junit-platform-launcher-1.7.0.jar"/>
    <property name="user.script" value=""/>
    <property name="sun.management.compiler" value="HotSpot 64-Bit Tiered Compilers"/>
    <property name="java.runtime.version" value="11.0.11+9"/>
    <property name="user.name" value="Guest1234"/>
    <property name="path.separator" value=";"/>
    <property name="os.version" value="10.0"/>
    <property name="java.runtime.name" value="OpenJDK Runtime Environment"/>
    <property name="file.encoding" value="Cp1252"/>
    <property name="java.vm.name" value="OpenJDK 64-Bit Server VM"/>
    <property name="java.vendor.version" value="AdoptOpenJDK-11.0.11+9"/>
    <property name="localRepository" value="C:\Users\Guest1234\.m2\repository"/>
    <property name="java.vendor.url.bug" value="https://github.com/AdoptOpenJDK/openjdk-support/issues"/>
    <property name="java.io.tmpdir" value="C:\Users\GUEST1~1\AppData\Local\Temp\"/>
    <property name="java.version" value="11.0.11"/>
    <property name="user.dir" value="C:\Users\Guest1234\eclipse-workspace\REST-BloodBank-Skeleton"/>
    <property name="os.arch" value="amd64"/>
    <property name="java.vm.specification.name" value="Java Virtual Machine Specification"/>
    <property name="java.awt.printerjob" value="sun.awt.windows.WPrinterJob"/>
    <property name="sun.os.patch.level" value=""/>
    <property name="java.library.path" value="C:\Program Files\AdoptOpenJDK\jdk-11.0.11.9-hotspot\bin;C:\WINDOWS\Sun\Java\bin;C:\WINDOWS\system32;C:\WINDOWS;C:/Users/Guest1234/Downloads/eclipse//plugins/org.eclipse.justj.openjdk.hotspot.jre.full.win32.x86_64_15.0.2.v20210201-0955/jre/bin/server;C:/Users/Guest1234/Downloads/eclipse//plugins/org.eclipse.justj.openjdk.hotspot.jre.full.win32.x86_64_15.0.2.v20210201-0955/jre/bin;C:\Program Files\AdoptOpenJDK\jdk-11.0.11.9-hotspot\bin;C:\WINDOWS\system32;C:\WINDOWS;C:\WINDOWS\System32\Wbem;C:\WINDOWS\System32\WindowsPowerShell\v1.0\;C:\WINDOWS\System32\OpenSSH\;c:\cygwin\bin;C:\MinGW\bin;C:\Program Files\Java\jdk1.8.0_281\bin;C:\Users\Guest1234\AppData\Local\Programs\Python\Python39\Scripts\;C:\Users\Guest1234\AppData\Local\Programs\Python\Python39\;C:\Users\Guest1234\AppData\Local\Microsoft\WindowsApps;;C:\Users\Guest1234\Downloads\eclipse;;."/>
    <property name="java.vm.info" value="mixed mode"/>
    <property name="java.vendor" value="AdoptOpenJDK"/>
    <property name="java.vm.version" value="11.0.11+9"/>
    <property name="sun.io.unicode.encoding" value="UnicodeLittle"/>
    <property name="java.class.version" value="55.0"/>
  </properties>
  <testcase name="test01_all_customers_adminrole" classname="bloodbank.TestBloodBankSystem" time="0.952">
    <failure type="java.lang.AssertionError"><![CDATA[java.lang.AssertionError: 

Expected: is <200>
     but: was <404>
	at bloodbank@1/bloodbank.TestBloodBankSystem.test01_all_customers_adminrole(TestBloodBankSystem.java:95)
]]></failure>
    <system-out><![CDATA[2021-05-01 00:23:47,574 main DEBUG Apache Log4j Core 2.14.0 initializing configuration XmlConfiguration[location=C:\Users\Guest1234\eclipse-workspace\REST-BloodBank-Skeleton\target\classes\log4j2.xml]
2021-05-01 00:23:47,588 main DEBUG Installed 1 script engine
2021-05-01 00:23:47,983 main DEBUG Oracle Nashorn version: 11.0.11, language: ECMAScript, threading: Not Thread Safe, compile: true, names: [nashorn, Nashorn, js, JS, JavaScript, javascript, ECMAScript, ecmascript], factory class: jdk.nashorn.api.scripting.NashornScriptEngineFactory
2021-05-01 00:23:47,983 main DEBUG PluginManager 'Core' found 122 plugins
2021-05-01 00:23:47,984 main DEBUG PluginManager 'Level' found 0 plugins
2021-05-01 00:23:47,990 main DEBUG Building Plugin[name=property, class=org.apache.logging.log4j.core.config.Property].
2021-05-01 00:23:48,002 main TRACE TypeConverterRegistry initializing.
2021-05-01 00:23:48,003 main DEBUG PluginManager 'TypeConverter' found 26 plugins
2021-05-01 00:23:48,011 main DEBUG createProperty(name="log-path", value="PropertiesConfiguration")
2021-05-01 00:23:48,012 main DEBUG Building Plugin[name=properties, class=org.apache.logging.log4j.core.config.PropertiesPlugin].
2021-05-01 00:23:48,016 main DEBUG configureSubstitutor(={log-path=PropertiesConfiguration}, Configuration(C:\Users\Guest1234\eclipse-workspace\REST-BloodBank-Skeleton\target\classes\log4j2.xml))
2021-05-01 00:23:48,016 main DEBUG PluginManager 'Lookup' found 16 plugins
2021-05-01 00:23:48,018 main DEBUG Building Plugin[name=layout, class=org.apache.logging.log4j.core.layout.PatternLayout].
2021-05-01 00:23:48,022 main DEBUG PatternLayout$Builder(pattern="[%-5level] %c{1} - %msg", PatternSelector=null, Configuration(C:\Users\Guest1234\eclipse-workspace\REST-BloodBank-Skeleton\target\classes\log4j2.xml), Replace=null, charset="null", alwaysWriteExceptions="null", disableAnsi="null", noConsoleNoAnsi="null", header="null", footer="null")
2021-05-01 00:23:48,023 main DEBUG PluginManager 'Converter' found 44 plugins
2021-05-01 00:23:48,024 main DEBUG Building Plugin[name=appender, class=org.apache.logging.log4j.core.appender.ConsoleAppender].
2021-05-01 00:23:48,033 main DEBUG ConsoleAppender$Builder(target="SYSTEM_OUT", follow="null", direct="null", bufferedIo="null", bufferSize="null", immediateFlush="null", ignoreExceptions="null", PatternLayout([%-5level] %c{1} - %msg), name="Console-Appender", Configuration(C:\Users\Guest1234\eclipse-workspace\REST-BloodBank-Skeleton\target\classes\log4j2.xml), Filter=null, ={})
2021-05-01 00:23:48,037 main DEBUG Starting OutputStreamManager SYSTEM_OUT.false.false
2021-05-01 00:23:48,038 main DEBUG Building Plugin[name=appenders, class=org.apache.logging.log4j.core.config.AppendersPlugin].
2021-05-01 00:23:48,038 main DEBUG createAppenders(={Console-Appender})
2021-05-01 00:23:48,039 main DEBUG Building Plugin[name=AppenderRef, class=org.apache.logging.log4j.core.config.AppenderRef].
2021-05-01 00:23:48,039 main DEBUG createAppenderRef(ref="Console-Appender", level="null", Filter=null)
2021-05-01 00:23:48,039 main DEBUG Building Plugin[name=logger, class=org.apache.logging.log4j.core.config.LoggerConfig].
2021-05-01 00:23:48,042 main DEBUG createLogger(additivity="false", level="ALL", name="org.jboss.weld", includeLocation="null", ={Console-Appender}, ={}, Configuration(C:\Users\Guest1234\eclipse-workspace\REST-BloodBank-Skeleton\target\classes\log4j2.xml), Filter=null)
2021-05-01 00:23:48,045 main DEBUG Building Plugin[name=AppenderRef, class=org.apache.logging.log4j.core.config.AppenderRef].
2021-05-01 00:23:48,045 main DEBUG createAppenderRef(ref="Console-Appender", level="null", Filter=null)
2021-05-01 00:23:48,046 main DEBUG Building Plugin[name=logger, class=org.apache.logging.log4j.core.config.LoggerConfig].
2021-05-01 00:23:48,046 main DEBUG createLogger(additivity="false", level="ALL", name="org.hibernate", includeLocation="null", ={Console-Appender}, ={}, Configuration(C:\Users\Guest1234\eclipse-workspace\REST-BloodBank-Skeleton\target\classes\log4j2.xml), Filter=null)
2021-05-01 00:23:48,046 main DEBUG Building Plugin[name=AppenderRef, class=org.apache.logging.log4j.core.config.AppenderRef].
2021-05-01 00:23:48,048 main DEBUG createAppenderRef(ref="Console-Appender", level="null", Filter=null)
2021-05-01 00:23:48,048 main DEBUG Building Plugin[name=logger, class=org.apache.logging.log4j.core.config.LoggerConfig].
2021-05-01 00:23:48,050 main DEBUG createLogger(additivity="false", level="ALL", name="org.hibernate.SQL", includeLocation="null", ={Console-Appender}, ={}, Configuration(C:\Users\Guest1234\eclipse-workspace\REST-BloodBank-Skeleton\target\classes\log4j2.xml), Filter=null)
2021-05-01 00:23:48,050 main DEBUG Building Plugin[name=AppenderRef, class=org.apache.logging.log4j.core.config.AppenderRef].
2021-05-01 00:23:48,051 main DEBUG createAppenderRef(ref="Console-Appender", level="null", Filter=null)
2021-05-01 00:23:48,051 main DEBUG Building Plugin[name=logger, class=org.apache.logging.log4j.core.config.LoggerConfig].
2021-05-01 00:23:48,052 main DEBUG createLogger(additivity="false", level="ALL", name="org.hibernate.type", includeLocation="null", ={Console-Appender}, ={}, Configuration(C:\Users\Guest1234\eclipse-workspace\REST-BloodBank-Skeleton\target\classes\log4j2.xml), Filter=null)
2021-05-01 00:23:48,052 main DEBUG Building Plugin[name=AppenderRef, class=org.apache.logging.log4j.core.config.AppenderRef].
2021-05-01 00:23:48,053 main DEBUG createAppenderRef(ref="Console-Appender", level="null", Filter=null)
2021-05-01 00:23:48,053 main DEBUG Building Plugin[name=logger, class=org.apache.logging.log4j.core.config.LoggerConfig].
2021-05-01 00:23:48,053 main DEBUG createLogger(additivity="false", level="ALL", name="org.hibernate.type.descriptor.sql", includeLocation="null", ={Console-Appender}, ={}, Configuration(C:\Users\Guest1234\eclipse-workspace\REST-BloodBank-Skeleton\target\classes\log4j2.xml), Filter=null)
2021-05-01 00:23:48,054 main DEBUG Building Plugin[name=AppenderRef, class=org.apache.logging.log4j.core.config.AppenderRef].
2021-05-01 00:23:48,054 main DEBUG createAppenderRef(ref="Console-Appender", level="null", Filter=null)
2021-05-01 00:23:48,054 main DEBUG Building Plugin[name=logger, class=org.apache.logging.log4j.core.config.LoggerConfig].
2021-05-01 00:23:48,055 main DEBUG createLogger(additivity="false", level="ALL", name="org.hibernate.pretty", includeLocation="null", ={Console-Appender}, ={}, Configuration(C:\Users\Guest1234\eclipse-workspace\REST-BloodBank-Skeleton\target\classes\log4j2.xml), Filter=null)
2021-05-01 00:23:48,055 main DEBUG Building Plugin[name=AppenderRef, class=org.apache.logging.log4j.core.config.AppenderRef].
2021-05-01 00:23:48,055 main DEBUG createAppenderRef(ref="Console-Appender", level="null", Filter=null)
2021-05-01 00:23:48,055 main DEBUG Building Plugin[name=logger, class=org.apache.logging.log4j.core.config.LoggerConfig].
2021-05-01 00:23:48,056 main DEBUG createLogger(additivity="false", level="ALL", name="org.hibernate.cache", includeLocation="null", ={Console-Appender}, ={}, Configuration(C:\Users\Guest1234\eclipse-workspace\REST-BloodBank-Skeleton\target\classes\log4j2.xml), Filter=null)
2021-05-01 00:23:48,056 main DEBUG Building Plugin[name=AppenderRef, class=org.apache.logging.log4j.core.config.AppenderRef].
2021-05-01 00:23:48,056 main DEBUG createAppenderRef(ref="Console-Appender", level="null", Filter=null)
2021-05-01 00:23:48,056 main DEBUG Building Plugin[name=logger, class=org.apache.logging.log4j.core.config.LoggerConfig].
2021-05-01 00:23:48,057 main DEBUG createLogger(additivity="false", level="ALL", name="org.hibernate.stat", includeLocation="null", ={Console-Appender}, ={}, Configuration(C:\Users\Guest1234\eclipse-workspace\REST-BloodBank-Skeleton\target\classes\log4j2.xml), Filter=null)
2021-05-01 00:23:48,058 main DEBUG Building Plugin[name=AppenderRef, class=org.apache.logging.log4j.core.config.AppenderRef].
2021-05-01 00:23:48,058 main DEBUG createAppenderRef(ref="Console-Appender", level="null", Filter=null)
2021-05-01 00:23:48,058 main DEBUG Building Plugin[name=logger, class=org.apache.logging.log4j.core.config.LoggerConfig].
2021-05-01 00:23:48,059 main DEBUG createLogger(additivity="false", level="ALL", name="org.hibernate.hql.internal.ast.AST", includeLocation="null", ={Console-Appender}, ={}, Configuration(C:\Users\Guest1234\eclipse-workspace\REST-BloodBank-Skeleton\target\classes\log4j2.xml), Filter=null)
2021-05-01 00:23:48,059 main DEBUG Building Plugin[name=AppenderRef, class=org.apache.logging.log4j.core.config.AppenderRef].
2021-05-01 00:23:48,060 main DEBUG createAppenderRef(ref="Console-Appender", level="null", Filter=null)
2021-05-01 00:23:48,060 main DEBUG Building Plugin[name=logger, class=org.apache.logging.log4j.core.config.LoggerConfig].
2021-05-01 00:23:48,061 main DEBUG createLogger(additivity="false", level="ALL", name="org.hibernate.tool.hbm2ddl", includeLocation="null", ={Console-Appender}, ={}, Configuration(C:\Users\Guest1234\eclipse-workspace\REST-BloodBank-Skeleton\target\classes\log4j2.xml), Filter=null)
2021-05-01 00:23:48,061 main DEBUG Building Plugin[name=AppenderRef, class=org.apache.logging.log4j.core.config.AppenderRef].
2021-05-01 00:23:48,061 main DEBUG createAppenderRef(ref="Console-Appender", level="null", Filter=null)
2021-05-01 00:23:48,062 main DEBUG Building Plugin[name=root, class=org.apache.logging.log4j.core.config.LoggerConfig$RootLogger].
2021-05-01 00:23:48,063 main DEBUG createLogger(additivity="null", level="ALL", includeLocation="null", ={Console-Appender}, ={}, Configuration(C:\Users\Guest1234\eclipse-workspace\REST-BloodBank-Skeleton\target\classes\log4j2.xml), Filter=null)
2021-05-01 00:23:48,064 main DEBUG Building Plugin[name=loggers, class=org.apache.logging.log4j.core.config.LoggersPlugin].
2021-05-01 00:23:48,065 main DEBUG createLoggers(={org.jboss.weld, org.hibernate, org.hibernate.SQL, org.hibernate.type, org.hibernate.type.descriptor.sql, org.hibernate.pretty, org.hibernate.cache, org.hibernate.stat, org.hibernate.hql.internal.ast.AST, org.hibernate.tool.hbm2ddl, root})
2021-05-01 00:23:48,066 main DEBUG Configuration XmlConfiguration[location=C:\Users\Guest1234\eclipse-workspace\REST-BloodBank-Skeleton\target\classes\log4j2.xml] initialized
2021-05-01 00:23:48,066 main DEBUG Starting configuration XmlConfiguration[location=C:\Users\Guest1234\eclipse-workspace\REST-BloodBank-Skeleton\target\classes\log4j2.xml]
2021-05-01 00:23:48,067 main DEBUG Log4j2 ConfigurationScheduler starting 1 threads
2021-05-01 00:23:48,069 main DEBUG Started configuration XmlConfiguration[location=C:\Users\Guest1234\eclipse-workspace\REST-BloodBank-Skeleton\target\classes\log4j2.xml] OK.
2021-05-01 00:23:48,070 main TRACE Stopping org.apache.logging.log4j.core.config.DefaultConfiguration@1f760b47...
2021-05-01 00:23:48,070 main TRACE DefaultConfiguration notified 1 ReliabilityStrategies that config will be stopped.
2021-05-01 00:23:48,070 main TRACE DefaultConfiguration stopping root LoggerConfig.
2021-05-01 00:23:48,071 main TRACE DefaultConfiguration notifying ReliabilityStrategies that appenders will be stopped.
2021-05-01 00:23:48,071 main TRACE DefaultConfiguration stopping remaining Appenders.
2021-05-01 00:23:48,071 main DEBUG Shutting down OutputStreamManager SYSTEM_OUT.false.false-1
2021-05-01 00:23:48,072 main DEBUG OutputStream closed
2021-05-01 00:23:48,072 main DEBUG Shut down OutputStreamManager SYSTEM_OUT.false.false-1, all resources released: true
2021-05-01 00:23:48,072 main DEBUG Appender DefaultConsole-1 stopped with status true
2021-05-01 00:23:48,072 main TRACE DefaultConfiguration stopped 1 remaining Appenders.
2021-05-01 00:23:48,072 main TRACE DefaultConfiguration cleaning Appenders from 1 LoggerConfigs.
2021-05-01 00:23:48,073 main DEBUG Stopped org.apache.logging.log4j.core.config.DefaultConfiguration@1f760b47 OK
2021-05-01 00:23:48,129 main TRACE Reregistering MBeans after reconfigure. Selector=org.apache.logging.log4j.core.selector.ClassLoaderContextSelector@7cc586a8
2021-05-01 00:23:48,130 main TRACE Reregistering context (1/1): '26f67b76' org.apache.logging.log4j.core.LoggerContext@7db534f2
2021-05-01 00:23:48,130 main TRACE Unregistering but no MBeans found matching 'org.apache.logging.log4j2:type=26f67b76'
2021-05-01 00:23:48,131 main TRACE Unregistering but no MBeans found matching 'org.apache.logging.log4j2:type=26f67b76,component=StatusLogger'
2021-05-01 00:23:48,131 main TRACE Unregistering but no MBeans found matching 'org.apache.logging.log4j2:type=26f67b76,component=ContextSelector'
2021-05-01 00:23:48,132 main TRACE Unregistering but no MBeans found matching 'org.apache.logging.log4j2:type=26f67b76,component=Loggers,name=*'
2021-05-01 00:23:48,132 main TRACE Unregistering but no MBeans found matching 'org.apache.logging.log4j2:type=26f67b76,component=Appenders,name=*'
2021-05-01 00:23:48,132 main TRACE Unregistering but no MBeans found matching 'org.apache.logging.log4j2:type=26f67b76,component=AsyncAppenders,name=*'
2021-05-01 00:23:48,132 main TRACE Unregistering but no MBeans found matching 'org.apache.logging.log4j2:type=26f67b76,component=AsyncLoggerRingBuffer'
2021-05-01 00:23:48,133 main TRACE Unregistering but no MBeans found matching 'org.apache.logging.log4j2:type=26f67b76,component=Loggers,name=*,subtype=RingBuffer'
2021-05-01 00:23:48,135 main DEBUG Registering MBean org.apache.logging.log4j2:type=26f67b76
2021-05-01 00:23:48,139 main DEBUG Registering MBean org.apache.logging.log4j2:type=26f67b76,component=StatusLogger
2021-05-01 00:23:48,140 main DEBUG Registering MBean org.apache.logging.log4j2:type=26f67b76,component=ContextSelector
2021-05-01 00:23:48,142 main DEBUG Registering MBean org.apache.logging.log4j2:type=26f67b76,component=Loggers,name=
2021-05-01 00:23:48,143 main DEBUG Registering MBean org.apache.logging.log4j2:type=26f67b76,component=Loggers,name=org.hibernate.pretty
2021-05-01 00:23:48,143 main DEBUG Registering MBean org.apache.logging.log4j2:type=26f67b76,component=Loggers,name=org.hibernate.SQL
2021-05-01 00:23:48,144 main DEBUG Registering MBean org.apache.logging.log4j2:type=26f67b76,component=Loggers,name=org.hibernate.hql.internal.ast.AST
2021-05-01 00:23:48,144 main DEBUG Registering MBean org.apache.logging.log4j2:type=26f67b76,component=Loggers,name=org.hibernate.stat
2021-05-01 00:23:48,144 main DEBUG Registering MBean org.apache.logging.log4j2:type=26f67b76,component=Loggers,name=org.hibernate
2021-05-01 00:23:48,145 main DEBUG Registering MBean org.apache.logging.log4j2:type=26f67b76,component=Loggers,name=org.hibernate.type.descriptor.sql
2021-05-01 00:23:48,145 main DEBUG Registering MBean org.apache.logging.log4j2:type=26f67b76,component=Loggers,name=org.jboss.weld
2021-05-01 00:23:48,145 main DEBUG Registering MBean org.apache.logging.log4j2:type=26f67b76,component=Loggers,name=org.hibernate.tool.hbm2ddl
2021-05-01 00:23:48,146 main DEBUG Registering MBean org.apache.logging.log4j2:type=26f67b76,component=Loggers,name=org.hibernate.cache
2021-05-01 00:23:48,146 main DEBUG Registering MBean org.apache.logging.log4j2:type=26f67b76,component=Loggers,name=org.hibernate.type
2021-05-01 00:23:48,147 main DEBUG Registering MBean org.apache.logging.log4j2:type=26f67b76,component=Appenders,name=Console-Appender
2021-05-01 00:23:48,150 main TRACE Using default SystemClock for timestamps.
2021-05-01 00:23:48,152 main DEBUG org.apache.logging.log4j.core.util.SystemClock supports precise timestamps.
2021-05-01 00:23:48,152 main TRACE Using DummyNanoClock for nanosecond timestamps.
2021-05-01 00:23:48,153 main DEBUG Reconfiguration complete for context[name=26f67b76] at URI C:\Users\Guest1234\eclipse-workspace\REST-BloodBank-Skeleton\target\classes\log4j2.xml (org.apache.logging.log4j.core.LoggerContext@7db534f2) with optional ClassLoader: null
2021-05-01 00:23:48,153 main DEBUG Shutdown hook enabled. Registering a new one.
2021-05-01 00:23:48,154 main DEBUG LoggerContext[name=26f67b76, org.apache.logging.log4j.core.LoggerContext@7db534f2] started OK.
[DEBUG] TestBloodBankSystem - oneTimeSetUp2021-05-01 00:23:48,162 main DEBUG AsyncLogger.ThreadNameStrategy=UNCACHED (user specified null, default is UNCACHED)
2021-05-01 00:23:48,163 main TRACE Using default SystemClock for timestamps.
2021-05-01 00:23:48,163 main DEBUG org.apache.logging.log4j.core.util.SystemClock supports precise timestamps.
]]></system-out>
    <system-err><![CDATA[Warning: Nashorn engine is planned to be removed from a future JDK release
]]></system-err>
  </testcase>
</testsuite>